# JRE version: Java(TM) SE Runtime Environment (8.0_31-b13) (build 1.8.0_31-b13)
# Java VM: Java HotSpot(TM) 64-Bit Server VM (25.31-b07 mixed mode windows-amd64 compressed oops)
Heap:
 PSYoungGen      total 261120K, used 260913K [0x00000000eab00000, 0x0000000100000000, 0x0000000100000000)
  eden space 188416K, 100% used [0x00000000eab00000,0x00000000f6300000,0x00000000f6300000)
  from space 72704K, 99% used [0x00000000f6300000,0x00000000fa9cc4c0,0x00000000faa00000)
  to   space 88064K, 0% used [0x00000000faa00000,0x00000000faa00000,0x0000000100000000)
 ParOldGen       total 172544K, used 96237K [0x00000000c0000000, 0x00000000ca880000, 0x00000000eab00000)
  object space 172544K, 55% used [0x00000000c0000000,0x00000000c5dfb400,0x00000000ca880000)
 Metaspace       used 5973K, capacity 7088K, committed 7296K, reserved 1056768K
  class space    used 554K, capacity 616K, committed 640K, reserved 1048576K
GC Heap History (10 events):
Event: 20.910 GC heap before
{Heap before GC invocations=13 (full 3):
 PSYoungGen      total 222208K, used 219182K [0x00000000eab00000, 0x0000000100000000, 0x0000000100000000)
  eden space 158208K, 100% used [0x00000000eab00000,0x00000000f4580000,0x00000000f4580000)
  from space 64000K, 95% used [0x00000000f4580000,0x00000000f810b9d0,0x00000000f8400000)
  to   space 73728K, 0% used [0x00000000fb800000,0x00000000fb800000,0x0000000100000000)
 ParOldGen       total 124416K, used 55904K [0x00000000c0000000, 0x00000000c7980000, 0x00000000eab00000)
  object space 124416K, 44% used [0x00000000c0000000,0x00000000c36980b8,0x00000000c7980000)
 Metaspace       used 5758K, capacity 6960K, committed 7040K, reserved 1056768K
  class space    used 552K, capacity 616K, committed 640K, reserved 1048576K
Event: 20.952 GC heap after
Heap after GC invocations=13 (full 3):
 PSYoungGen      total 278528K, used 22217K [0x00000000eab00000, 0x0000000100000000, 0x0000000100000000)
  eden space 204800K, 0% used [0x00000000eab00000,0x00000000eab00000,0x00000000f7300000)
  from space 73728K, 30% used [0x00000000fb800000,0x00000000fcdb2480,0x0000000100000000)
  to   space 70656K, 0% used [0x00000000f7300000,0x00000000f7300000,0x00000000fb800000)
 ParOldGen       total 124416K, used 68155K [0x00000000c0000000, 0x00000000c7980000, 0x00000000eab00000)
  object space 124416K, 54% used [0x00000000c0000000,0x00000000c428ef70,0x00000000c7980000)
 Metaspace       used 5758K, capacity 6960K, committed 7040K, reserved 1056768K
  class space    used 552K, capacity 616K, committed 640K, reserved 1048576K
}
Event: 22.033 GC heap before
{Heap before GC invocations=14 (full 3):
 PSYoungGen      total 278528K, used 227017K [0x00000000eab00000, 0x0000000100000000, 0x0000000100000000)
  eden space 204800K, 100% used [0x00000000eab00000,0x00000000f7300000,0x00000000f7300000)
  from space 73728K, 30% used [0x00000000fb800000,0x00000000fcdb2480,0x0000000100000000)
  to   space 70656K, 0% used [0x00000000f7300000,0x00000000f7300000,0x00000000fb800000)
 ParOldGen       total 124416K, used 68155K [0x00000000c0000000, 0x00000000c7980000, 0x00000000eab00000)
  object space 124416K, 54% used [0x00000000c0000000,0x00000000c428ef70,0x00000000c7980000)
 Metaspace       used 5813K, capacity 6960K, committed 7040K, reserved 1056768K
  class space    used 552K, capacity 616K, committed 640K, reserved 1048576K
Event: 22.089 GC heap after
Heap after GC invocations=14 (full 3):
 PSYoungGen      total 275456K, used 47399K [0x00000000eab00000, 0x0000000100000000, 0x0000000100000000)
  eden space 204800K, 0% used [0x00000000eab00000,0x00000000eab00000,0x00000000f7300000)
  from space 70656K, 67% used [0x00000000f7300000,0x00000000fa149dc8,0x00000000fb800000)
  to   space 73216K, 0% used [0x00000000fb880000,0x00000000fb880000,0x0000000100000000)
 ParOldGen       total 124416K, used 90299K [0x00000000c0000000, 0x00000000c7980000, 0x00000000eab00000)
  object space 124416K, 72% used [0x00000000c0000000,0x00000000c582ef48,0x00000000c7980000)
 Metaspace       used 5813K, capacity 6960K, committed 7040K, reserved 1056768K
  class space    used 552K, capacity 616K, committed 640K, reserved 1048576K
}
Event: 22.089 GC heap before
{Heap before GC invocations=15 (full 4):
 PSYoungGen      total 275456K, used 47399K [0x00000000eab00000, 0x0000000100000000, 0x0000000100000000)
  eden space 204800K, 0% used [0x00000000eab00000,0x00000000eab00000,0x00000000f7300000)
  from space 70656K, 67% used [0x00000000f7300000,0x00000000fa149dc8,0x00000000fb800000)
  to   space 73216K, 0% used [0x00000000fb880000,0x00000000fb880000,0x0000000100000000)
 ParOldGen       total 124416K, used 90299K [0x00000000c0000000, 0x00000000c7980000, 0x00000000eab00000)
  object space 124416K, 72% used [0x00000000c0000000,0x00000000c582ef48,0x00000000c7980000)
 Metaspace       used 5813K, capacity 6960K, committed 7040K, reserved 1056768K
  class space    used 552K, capacity 616K, committed 640K, reserved 1048576K
Event: 22.484 GC heap after
Heap after GC invocations=15 (full 4):
 PSYoungGen      total 275456K, used 0K [0x00000000eab00000, 0x0000000100000000, 0x0000000100000000)
  eden space 204800K, 0% used [0x00000000eab00000,0x00000000eab00000,0x00000000f7300000)
  from space 70656K, 0% used [0x00000000f7300000,0x00000000f7300000,0x00000000fb800000)
  to   space 73216K, 0% used [0x00000000fb880000,0x00000000fb880000,0x0000000100000000)
 ParOldGen       total 172544K, used 96229K [0x00000000c0000000, 0x00000000ca880000, 0x00000000eab00000)
  object space 172544K, 55% used [0x00000000c0000000,0x00000000c5df9400,0x00000000ca880000)
 Metaspace       used 5813K, capacity 6960K, committed 7040K, reserved 1056768K
  class space    used 552K, capacity 616K, committed 640K, reserved 1048576K
}
Event: 23.478 GC heap before
{Heap before GC invocations=16 (full 4):
 PSYoungGen      total 275456K, used 204800K [0x00000000eab00000, 0x0000000100000000, 0x0000000100000000)
  eden space 204800K, 100% used [0x00000000eab00000,0x00000000f7300000,0x00000000f7300000)
  from space 70656K, 0% used [0x00000000f7300000,0x00000000f7300000,0x00000000fb800000)
  to   space 73216K, 0% used [0x00000000fb880000,0x00000000fb880000,0x0000000100000000)
 ParOldGen       total 172544K, used 96229K [0x00000000c0000000, 0x00000000ca880000, 0x00000000eab00000)
  object space 172544K, 55% used [0x00000000c0000000,0x00000000c5df9400,0x00000000ca880000)
 Metaspace       used 5835K, capacity 7024K, committed 7296K, reserved 1056768K
  class space    used 553K, capacity 616K, committed 640K, reserved 1048576K
Event: 23.559 GC heap after
Heap after GC invocations=16 (full 4):
 PSYoungGen      total 261632K, used 61959K [0x00000000eab00000, 0x0000000100000000, 0x0000000100000000)
  eden space 188416K, 0% used [0x00000000eab00000,0x00000000eab00000,0x00000000f6300000)
  from space 73216K, 84% used [0x00000000fb880000,0x00000000ff501f18,0x0000000100000000)
  to   space 80384K, 0% used [0x00000000f6300000,0x00000000f6300000,0x00000000fb180000)
 ParOldGen       total 172544K, used 96237K [0x00000000c0000000, 0x00000000ca880000, 0x00000000eab00000)
  object space 172544K, 55% used [0x00000000c0000000,0x00000000c5dfb400,0x00000000ca880000)
 Metaspace       used 5835K, capacity 7024K, committed 7296K, reserved 1056768K
  class space    used 553K, capacity 616K, committed 640K, reserved 1048576K
}
Event: 25.491 GC heap before
{Heap before GC invocations=17 (full 4):
 PSYoungGen      total 261632K, used 250375K [0x00000000eab00000, 0x0000000100000000, 0x0000000100000000)
  eden space 188416K, 100% used [0x00000000eab00000,0x00000000f6300000,0x00000000f6300000)
  from space 73216K, 84% used [0x00000000fb880000,0x00000000ff501f18,0x0000000100000000)
  to   space 80384K, 0% used [0x00000000f6300000,0x00000000f6300000,0x00000000fb180000)
 ParOldGen       total 172544K, used 96237K [0x00000000c0000000, 0x00000000ca880000, 0x00000000eab00000)
  object space 172544K, 55% used [0x00000000c0000000,0x00000000c5dfb400,0x00000000ca880000)
 Metaspace       used 5839K, capacity 7024K, committed 7296K, reserved 1056768K
  class space    used 553K, capacity 616K, committed 640K, reserved 1048576K
Event: 25.616 GC heap after
Heap after GC invocations=17 (full 4):
 PSYoungGen      total 261120K, used 72497K [0x00000000eab00000, 0x0000000100000000, 0x0000000100000000)
  eden space 188416K, 0% used [0x00000000eab00000,0x00000000eab00000,0x00000000f6300000)
  from space 72704K, 99% used [0x00000000f6300000,0x00000000fa9cc4c0,0x00000000faa00000)
  to   space 88064K, 0% used [0x00000000faa00000,0x00000000faa00000,0x0000000100000000)
 ParOldGen       total 172544K, used 96237K [0x00000000c0000000, 0x00000000ca880000, 0x00000000eab00000)
  object space 172544K, 55% used [0x00000000c0000000,0x00000000c5dfb400,0x00000000ca880000)
 Metaspace       used 5839K, capacity 7024K, committed 7296K, reserved 1056768K
  class space    used 553K, capacity 616K, committed 640K, reserved 1048576K
}

